<?xml version="1.0" encoding="UTF-8"?>
<!-- Generated by org.testng.reporters.JUnitReportReporter -->
<testsuite skipped="0" hostname="Srikanth-PC" name="com.TestScript.createCustomer" tests="1" failures="0" timestamp="26 Jan 2020 12:55:42 GMT" time="5.029" errors="0">
  <testcase name="testcreateCustomer" time="5.029" classname="com.TestScript.createCustomer"/>
</testsuite> <!-- com.TestScript.createCustomer -->
