<?xml version="1.0" encoding="UTF-8"?>
<!-- Generated by org.testng.reporters.JUnitReportReporter -->
<testsuite skipped="0" hostname="Srikanth-PC" name="com.TestScript.createProject" tests="1" failures="0" timestamp="24 Jan 2020 13:04:46 GMT" time="2.498" errors="0">
  <testcase name="testCreateProject" time="2.498" classname="com.TestScript.createProject"/>
</testsuite> <!-- com.TestScript.createProject -->
